0 info it worked if it ends with ok
1 verbose cli [ '/usr/local/bin/node', '/usr/local/bin/npm', 'run', 'demo' ]
2 info using npm@4.0.5
3 info using node@v7.4.0
4 verbose run-script [ 'predemo', 'demo', 'postdemo' ]
5 info lifecycle @cnbritain/merlin-www-section-feature@1.0.0~predemo: @cnbritain/merlin-www-section-feature@1.0.0
6 silly lifecycle @cnbritain/merlin-www-section-feature@1.0.0~predemo: no script for predemo, continuing
7 info lifecycle @cnbritain/merlin-www-section-feature@1.0.0~demo: @cnbritain/merlin-www-section-feature@1.0.0
8 verbose lifecycle @cnbritain/merlin-www-section-feature@1.0.0~demo: unsafe-perm in lifecycle true
9 verbose lifecycle @cnbritain/merlin-www-section-feature@1.0.0~demo: PATH: /usr/local/lib/node_modules/npm/bin/node-gyp-bin:/Users/spiazza/dev/merlin-www-components/packages/merlin-www-section-feature/node_modules/.bin:/usr/local/bin:/usr/bin:/bin:/usr/sbin:/sbin
10 verbose lifecycle @cnbritain/merlin-www-section-feature@1.0.0~demo: CWD: /Users/spiazza/dev/merlin-www-components/packages/merlin-www-section-feature
11 silly lifecycle @cnbritain/merlin-www-section-feature@1.0.0~demo: Args: [ '-c', 'merlin-component-demo-server merlin.json' ]
12 silly lifecycle @cnbritain/merlin-www-section-feature@1.0.0~demo: Returned: code: 1  signal: null
13 info lifecycle @cnbritain/merlin-www-section-feature@1.0.0~demo: Failed to exec demo script
14 verbose stack Error: @cnbritain/merlin-www-section-feature@1.0.0 demo: `merlin-component-demo-server merlin.json`
14 verbose stack Exit status 1
14 verbose stack     at EventEmitter.<anonymous> (/usr/local/lib/node_modules/npm/lib/utils/lifecycle.js:279:16)
14 verbose stack     at emitTwo (events.js:106:13)
14 verbose stack     at EventEmitter.emit (events.js:191:7)
14 verbose stack     at ChildProcess.<anonymous> (/usr/local/lib/node_modules/npm/lib/utils/spawn.js:40:14)
14 verbose stack     at emitTwo (events.js:106:13)
14 verbose stack     at ChildProcess.emit (events.js:191:7)
14 verbose stack     at maybeClose (internal/child_process.js:885:16)
14 verbose stack     at Process.ChildProcess._handle.onexit (internal/child_process.js:226:5)
15 verbose pkgid @cnbritain/merlin-www-section-feature@1.0.0
16 verbose cwd /Users/spiazza/dev/merlin-www-components/packages/merlin-www-section-feature
17 error Darwin 15.6.0
18 error argv "/usr/local/bin/node" "/usr/local/bin/npm" "run" "demo"
19 error node v7.4.0
20 error npm  v4.0.5
21 error code ELIFECYCLE
22 error @cnbritain/merlin-www-section-feature@1.0.0 demo: `merlin-component-demo-server merlin.json`
22 error Exit status 1
23 error Failed at the @cnbritain/merlin-www-section-feature@1.0.0 demo script 'merlin-component-demo-server merlin.json'.
23 error Make sure you have the latest version of node.js and npm installed.
23 error If you do, this is most likely a problem with the @cnbritain/merlin-www-section-feature package,
23 error not with npm itself.
23 error Tell the author that this fails on your system:
23 error     merlin-component-demo-server merlin.json
23 error You can get information on how to open an issue for this project with:
23 error     npm bugs @cnbritain/merlin-www-section-feature
23 error Or if that isn't available, you can get their info via:
23 error     npm owner ls @cnbritain/merlin-www-section-feature
23 error There is likely additional logging output above.
24 verbose exit [ 1, true ]
