0 info it worked if it ends with ok
1 verbose cli [ '/usr/local/bin/node', '/usr/local/bin/npm', 'run', 'demo' ]
2 info using npm@4.0.5
3 info using node@v7.4.0
4 verbose run-script [ 'predemo', 'demo', 'postdemo' ]
5 info lifecycle @cnbritain/merlin-www-section-superfeature@0.0.1~predemo: @cnbritain/merlin-www-section-superfeature@0.0.1
6 silly lifecycle @cnbritain/merlin-www-section-superfeature@0.0.1~predemo: no script for predemo, continuing
7 info lifecycle @cnbritain/merlin-www-section-superfeature@0.0.1~demo: @cnbritain/merlin-www-section-superfeature@0.0.1
8 verbose lifecycle @cnbritain/merlin-www-section-superfeature@0.0.1~demo: unsafe-perm in lifecycle true
9 verbose lifecycle @cnbritain/merlin-www-section-superfeature@0.0.1~demo: PATH: /usr/local/lib/node_modules/npm/bin/node-gyp-bin:/Users/spiazza/dev/merlin-www-components/packages/merlin-www-section-superfeature/node_modules/.bin:/usr/local/bin:/usr/bin:/bin:/usr/sbin:/sbin
10 verbose lifecycle @cnbritain/merlin-www-section-superfeature@0.0.1~demo: CWD: /Users/spiazza/dev/merlin-www-components/packages/merlin-www-section-superfeature
11 silly lifecycle @cnbritain/merlin-www-section-superfeature@0.0.1~demo: Args: [ '-c', 'merlin-component-demo-server merlin.json' ]
12 info lifecycle @cnbritain/merlin-www-section-superfeature@0.0.1~demo: Failed to exec demo script
13 verbose stack Error: @cnbritain/merlin-www-section-superfeature@0.0.1 demo: `merlin-component-demo-server merlin.json`
13 verbose stack spawn ENOENT
13 verbose stack     at ChildProcess.<anonymous> (/usr/local/lib/node_modules/npm/lib/utils/spawn.js:33:16)
13 verbose stack     at emitTwo (events.js:106:13)
13 verbose stack     at ChildProcess.emit (events.js:191:7)
13 verbose stack     at maybeClose (internal/child_process.js:885:16)
13 verbose stack     at Process.ChildProcess._handle.onexit (internal/child_process.js:226:5)
14 verbose pkgid @cnbritain/merlin-www-section-superfeature@0.0.1
15 verbose cwd /Users/spiazza/dev/merlin-www-components/packages/merlin-www-section-superfeature
16 error Darwin 15.6.0
17 error argv "/usr/local/bin/node" "/usr/local/bin/npm" "run" "demo"
18 error node v7.4.0
19 error npm  v4.0.5
20 error file sh
21 error code ELIFECYCLE
22 error errno ENOENT
23 error syscall spawn
24 error @cnbritain/merlin-www-section-superfeature@0.0.1 demo: `merlin-component-demo-server merlin.json`
24 error spawn ENOENT
25 error Failed at the @cnbritain/merlin-www-section-superfeature@0.0.1 demo script 'merlin-component-demo-server merlin.json'.
25 error Make sure you have the latest version of node.js and npm installed.
25 error If you do, this is most likely a problem with the @cnbritain/merlin-www-section-superfeature package,
25 error not with npm itself.
25 error Tell the author that this fails on your system:
25 error     merlin-component-demo-server merlin.json
25 error You can get information on how to open an issue for this project with:
25 error     npm bugs @cnbritain/merlin-www-section-superfeature
25 error Or if that isn't available, you can get their info via:
25 error     npm owner ls @cnbritain/merlin-www-section-superfeature
25 error There is likely additional logging output above.
26 verbose exit [ 1, true ]
