lerna(verbose) GitUtilities.isInitialized    ()
lerna(verbose) GitUtilities.isInitialized    () => true
lerna(verbose) GitUtilities.getTopLevelDirectory()
lerna(verbose) GitUtilities.getTopLevelDirectory() => "/Users/spiazza/dev/merlin-www-components"
lerna(verbose) FileSystemUtilities.existsSync("/Users/spiazza/dev/merlin-www-components/lerna.json")
lerna(verbose) FileSystemUtilities.existsSync("/Users/spiazza/dev/merlin-www-components/lerna.json") => true
lerna(verbose) FileSystemUtilities.readFileSync("/Users/spiazza/dev/merlin-www-components/lerna.json")
lerna(verbose) FileSystemUtilities.readFileSync("/Users/spiazza/dev/merlin-www-components/lerna.json") => "{\n  \"lerna\": \"2.0.0-beta.37\",\n  \"packages\": [\n    \"packages/*\"\n  ],\n  \"version\": \"independent\"\n}"
lerna(verbose) FileSystemUtilities.existsSync("/Users/spiazza/dev/merlin-www-components/package.json")
lerna(verbose) FileSystemUtilities.existsSync("/Users/spiazza/dev/merlin-www-components/package.json") => true
lerna(verbose) FileSystemUtilities.readFileSync("/Users/spiazza/dev/merlin-www-components/package.json")
lerna(verbose) FileSystemUtilities.readFileSync("/Users/spiazza/dev/merlin-www-components/package.json") => "{\n  \"name\": \"merlin-www-components\",\n  \"version\": \"1.0.0\",\n  \"description\": \"\",\n  \"main\": \"index.js\",\n  \"scripts\": {\n    \"test\": \"echo \\\"Error: no test specified\\\" && exit 1\"\n  },\n  \"repository\": {\n    \"type\": \"git\",\n    \"url\": \"git+https://github.com/cnduk/merlin-www-components.git\"\n  },\n  \"author\": \"\",\n  \"license\": \"ISC\",\n  \"bugs\": {\n    \"url\": \"https://github.com/cnduk/merlin-www-components/issues\"\n  },\n  \"homepage\": \"https://github.com/cnduk/merlin-www-components#readme\",\n  \"devDependencies\": {\n    \"lerna\": \"2.0.0-beta.37\"\n  },\n  \"private\": true\n}"
lerna(info)    Lerna v2.0.0-beta.37
lerna(info)    Independent Versioning Mode
lerna(verbose) FileSystemUtilities.existsSync("/Users/spiazza/dev/merlin-www-components/package.json")
lerna(verbose) FileSystemUtilities.existsSync("/Users/spiazza/dev/merlin-www-components/package.json") => true
lerna(verbose) FileSystemUtilities.existsSync("/Users/spiazza/dev/merlin-www-components/lerna.json")
lerna(verbose) FileSystemUtilities.existsSync("/Users/spiazza/dev/merlin-www-components/lerna.json") => true
lerna(verbose) FileSystemUtilities.existsSync("/Users/spiazza/dev/merlin-www-components/VERSION")
lerna(verbose) FileSystemUtilities.existsSync("/Users/spiazza/dev/merlin-www-components/VERSION") => false
lerna(verbose) FileSystemUtilities.existsSync("./merlin-component-demo-server/package.json")
lerna(verbose) FileSystemUtilities.existsSync("./merlin-component-demo-server/package.json") => true
lerna(verbose) FileSystemUtilities.existsSync("./merlin-sass-custom-importer/package.json")
lerna(verbose) FileSystemUtilities.existsSync("./merlin-sass-custom-importer/package.json") => true
lerna(verbose) FileSystemUtilities.existsSync("./merlin-www-common/package.json")
lerna(verbose) FileSystemUtilities.existsSync("./merlin-www-common/package.json") => true
lerna(verbose) FileSystemUtilities.existsSync("./merlin-www-image/package.json")
lerna(verbose) FileSystemUtilities.existsSync("./merlin-www-image/package.json") => true
lerna(verbose) FileSystemUtilities.existsSync("./merlin-www-section-card-list/package.json")
lerna(verbose) FileSystemUtilities.existsSync("./merlin-www-section-card-list/package.json") => true
lerna(error)   Errored while collecting packages and package graph
    SyntaxError: /Users/spiazza/dev/merlin-www-components/packages/merlin-www-section-card-list/package.json: Unexpected token } in JSON at position 392
        at JSON.parse (<anonymous>)
        at Object.Module._extensions..json (module.js:588:27)
        at Module.load (module.js:488:32)
        at tryModuleLoad (module.js:447:12)
        at Function.Module._load (module.js:439:3)
        at Module.require (module.js:498:17)
        at require (internal/module.js:20:19)
        at /usr/local/lib/node_modules/lerna/lib/PackageUtilities.js:88:29
        at Array.forEach (native)
        at /usr/local/lib/node_modules/lerna/lib/PackageUtilities.js:81:12
